<?xml version="1.0" encoding="UTF-8"?>
<!-- Generated by org.testng.reporters.JUnitXMLReporter -->
<testsuite ignored="0" hostname="DESKTOP-S63650B" failures="1" tests="9" name="Main Features" time="43.067" errors="0" timestamp="2021-04-26T15:58:50 CEST">
  <testcase classname="testcases.ValidateShoesMenuItem" name="ValidateShoesMMenuItem" time="3.559"/>
  <testcase classname="testcases.ValidateMenMenuItem" name="ValidateMenMMenuItem" time="3.034">
    <failure type="java.lang.AssertionError" message="expected [true] but found [false]">
      <![CDATA[java.lang.AssertionError: expected [true] but found [false]
at testcases.ValidateMenMenuItem.ValidateMenMMenuItem(ValidateMenMenuItem.java:37)
at java.base/java.util.concurrent.ThreadPoolExecutor.runWorker(ThreadPoolExecutor.java:1130)
at java.base/java.util.concurrent.ThreadPoolExecutor$Worker.run(ThreadPoolExecutor.java:630)
at java.base/java.lang.Thread.run(Thread.java:832)
... Removed 16 stack frames]]>
    </failure>
  </testcase> <!-- ValidateMenMMenuItem -->
  <testcase classname="testcases.ValidateProductPriceCartPage" name="validateProductPriceCartPage" time="8.082"/>
  <testcase classname="testcases.ValidateProductPriceOnProductsPage" name="validateProductPriceOnProductsPage" time="6.128"/>
  <testcase classname="testcases.ValidateProductPriceAfterPlaceOrder" name="validateProductPriceAfterPlaceOrder" time="13.985"/>
  <testcase classname="testcases.ValidateProductPricePlaceOrder" name="validateProductPricePlaceOrder" time="7.648"/>
  <testcase classname="testcases.ValidateSportMenuItem" name="ValidateSportMMenuItem" time="2.336"/>
  <testcase classname="testcases.ValidateWomanMenuItem" name="ValidateWomanMMenuItem" time="2.433"/>
  <testcase classname="testcases.ValidateOtherMenuItem" name="ValidateOtherMMenuItem" time="1.921"/>
</testsuite> <!-- Main Features -->
